<?xml version="1.0" encoding="UTF-8"?>
<!-- Generated by org.testng.reporters.JUnitReportReporter -->
<testsuite skipped="0" hostname="Nitin-Tech" name="UIANDRESTASSURED.caliberProject" tests="1" failures="0" timestamp="2023-07-13T17:33:44 IST" time="11.843" errors="0">
  <testcase name="createProject" time="11.843" classname="UIANDRESTASSURED.caliberProject"/>
  <system-out/>
</testsuite> <!-- UIANDRESTASSURED.caliberProject -->
